<?xml version="1.0" encoding="UTF-8"?>
<!-- Generated by org.testng.reporters.JUnitReportReporter -->
<testsuite hostname="7703PQ2" name="Test.GetandPostMethods" tests="2" failures="0" timestamp="29 May 2021 12:12:57 GMT" time="4.895" errors="0">
  <testcase name="getMethod" time="4.255" classname="Test.GetandPostMethods"/>
  <testcase name="postMethod" time="0.640" classname="Test.GetandPostMethods"/>
</testsuite> <!-- Test.GetandPostMethods -->
