<?xml version="1.0" encoding="UTF-8"?>
<!-- Generated by org.testng.reporters.JUnitReportReporter -->
<testsuite hostname="7703PQ2" name="Test.Test1" tests="1" failures="0" timestamp="29 May 2021 05:36:20 GMT" time="4.351" errors="0">
  <testcase name="getListResourse" time="4.351" classname="Test.Test1"/>
</testsuite> <!-- Test.Test1 -->
