<?xml version="1.0" encoding="UTF-8"?>
<!-- Generated by org.testng.reporters.JUnitReportReporter -->
<testsuite hostname="7703PQ2" name="Test.GetMethod" tests="1" failures="0" timestamp="29 May 2021 12:12:38 GMT" time="5.306" errors="0">
  <testcase name="getListResourse" time="5.306" classname="Test.GetMethod"/>
</testsuite> <!-- Test.GetMethod -->
