<?xml version="1.0" encoding="UTF-8"?>
<!-- Generated by org.testng.reporters.JUnitReportReporter -->
<testsuite hostname="7703PQ2" name="Test.PutAndPatchMethods" tests="2" failures="0" timestamp="29 May 2021 12:22:36 GMT" time="4.430" errors="0">
  <testcase name="patchMethod" time="3.948" classname="Test.PutAndPatchMethods"/>
  <testcase name="putMethod" time="0.482" classname="Test.PutAndPatchMethods"/>
</testsuite> <!-- Test.PutAndPatchMethods -->
