<?xml version="1.0" encoding="UTF-8"?>
<!-- Generated by org.testng.reporters.JUnitReportReporter -->
<testsuite hostname="7703PQ2" name="Test.DeleteMethod" tests="1" failures="0" timestamp="29 May 2021 12:43:42 GMT" time="3.719" errors="0">
  <testcase name="deleteMethod" time="3.719" classname="Test.DeleteMethod"/>
</testsuite> <!-- Test.DeleteMethod -->
